{"C:\\Users\\Akaza\\Documents\\Works\\casarancha-backend\\src\\models\\group_model.ts": {"path":"C:\\Users\\Akaza\\Documents\\Works\\casarancha-backend\\src\\models\\group_model.ts","statementMap":{"0":{"start":{"line":3,"column":0},"end":{"line":3,"column":48}},"1":{"start":{"line":14,"column":26},"end":{"line":30,"column":18}},"2":{"start":{"line":32,"column":20},"end":{"line":75,"column":2}},"3":{"start":{"line":78,"column":0},"end":{"line":78,"column":51}}},"fnMap":{},"branchMap":{},"s":{"0":1,"1":1,"2":1,"3":1},"f":{},"b":{}}
,"C:\\Users\\Akaza\\Documents\\Works\\casarancha-backend\\src\\models\\post_model.ts": {"path":"C:\\Users\\Akaza\\Documents\\Works\\casarancha-backend\\src\\models\\post_model.ts","statementMap":{"0":{"start":{"line":1,"column":0},"end":{"line":1,"column":61}},"1":{"start":{"line":21,"column":24},"end":{"line":51,"column":null}},"2":{"start":{"line":54,"column":26},"end":{"line":74,"column":null}},"3":{"start":{"line":77,"column":25},"end":{"line":99,"column":null}},"4":{"start":{"line":102,"column":19},"end":{"line":124,"column":null}},"5":{"start":{"line":127,"column":32},"end":{"line":145,"column":null}},"6":{"start":{"line":148,"column":23},"end":{"line":170,"column":null}},"7":{"start":{"line":716,"column":15},"end":{"line":716,"column":29}},"8":{"start":{"line":173,"column":30},"end":{"line":226,"column":null}},"9":{"start":{"line":229,"column":33},"end":{"line":267,"column":null}},"10":{"start":{"line":270,"column":33},"end":{"line":280,"column":null}},"11":{"start":{"line":283,"column":23},"end":{"line":295,"column":null}},"12":{"start":{"line":298,"column":30},"end":{"line":325,"column":null}},"13":{"start":{"line":328,"column":28},"end":{"line":357,"column":null}},"14":{"start":{"line":361,"column":19},"end":{"line":533,"column":null}},"15":{"start":{"line":388,"column":22},"end":{"line":388,"column":24}},"16":{"start":{"line":415,"column":22},"end":{"line":415,"column":24}},"17":{"start":{"line":419,"column":22},"end":{"line":419,"column":24}},"18":{"start":{"line":425,"column":22},"end":{"line":425,"column":24}},"19":{"start":{"line":475,"column":22},"end":{"line":475,"column":24}},"20":{"start":{"line":481,"column":22},"end":{"line":481,"column":24}},"21":{"start":{"line":537,"column":0},"end":{"line":537,"column":49}},"22":{"start":{"line":538,"column":0},"end":{"line":538,"column":49}},"23":{"start":{"line":539,"column":0},"end":{"line":539,"column":58}},"24":{"start":{"line":540,"column":0},"end":{"line":540,"column":49}},"25":{"start":{"line":541,"column":0},"end":{"line":541,"column":68}},"26":{"start":{"line":542,"column":0},"end":{"line":542,"column":43}},"27":{"start":{"line":543,"column":0},"end":{"line":543,"column":64}},"28":{"start":{"line":544,"column":0},"end":{"line":544,"column":40}},"29":{"start":{"line":546,"column":0},"end":{"line":546,"column":122}},"30":{"start":{"line":549,"column":0},"end":{"line":552,"column":3}},"31":{"start":{"line":551,"column":2},"end":{"line":551,"column":68}},"32":{"start":{"line":554,"column":0},"end":{"line":558,"column":3}},"33":{"start":{"line":561,"column":0},"end":{"line":574,"column":3}},"34":{"start":{"line":564,"column":2},"end":{"line":566,"column":3}},"35":{"start":{"line":565,"column":4},"end":{"line":565,"column":34}},"36":{"start":{"line":569,"column":2},"end":{"line":571,"column":3}},"37":{"start":{"line":570,"column":4},"end":{"line":570,"column":39}},"38":{"start":{"line":573,"column":2},"end":{"line":573,"column":9}},"39":{"start":{"line":577,"column":0},"end":{"line":606,"column":2}},"40":{"start":{"line":582,"column":33},"end":{"line":582,"column":58}},"41":{"start":{"line":583,"column":19},"end":{"line":583,"column":65}},"42":{"start":{"line":583,"column":41},"end":{"line":583,"column":64}},"43":{"start":{"line":585,"column":2},"end":{"line":597,"column":3}},"44":{"start":{"line":586,"column":4},"end":{"line":589,"column":5}},"45":{"start":{"line":587,"column":6},"end":{"line":587,"column":34}},"46":{"start":{"line":588,"column":6},"end":{"line":588,"column":23}},"47":{"start":{"line":591,"column":4},"end":{"line":596,"column":7}},"48":{"start":{"line":599,"column":2},"end":{"line":602,"column":4}},"49":{"start":{"line":600,"column":16},"end":{"line":600,"column":29}},"50":{"start":{"line":603,"column":2},"end":{"line":603,"column":37}},"51":{"start":{"line":605,"column":2},"end":{"line":605,"column":21}},"52":{"start":{"line":608,"column":0},"end":{"line":635,"column":2}},"53":{"start":{"line":612,"column":33},"end":{"line":612,"column":58}},"54":{"start":{"line":613,"column":19},"end":{"line":613,"column":65}},"55":{"start":{"line":613,"column":41},"end":{"line":613,"column":64}},"56":{"start":{"line":615,"column":2},"end":{"line":627,"column":3}},"57":{"start":{"line":616,"column":22},"end":{"line":616,"column":52}},"58":{"start":{"line":617,"column":4},"end":{"line":626,"column":5}},"59":{"start":{"line":618,"column":6},"end":{"line":618,"column":42}},"60":{"start":{"line":619,"column":6},"end":{"line":619,"column":23}},"61":{"start":{"line":621,"column":6},"end":{"line":625,"column":7}},"62":{"start":{"line":622,"column":8},"end":{"line":624,"column":10}},"63":{"start":{"line":623,"column":17},"end":{"line":623,"column":40}},"64":{"start":{"line":629,"column":2},"end":{"line":632,"column":4}},"65":{"start":{"line":630,"column":16},"end":{"line":630,"column":29}},"66":{"start":{"line":634,"column":2},"end":{"line":634,"column":21}},"67":{"start":{"line":637,"column":0},"end":{"line":645,"column":2}},"68":{"start":{"line":638,"column":2},"end":{"line":638,"column":26}},"69":{"start":{"line":640,"column":2},"end":{"line":642,"column":3}},"70":{"start":{"line":641,"column":4},"end":{"line":641,"column":43}},"71":{"start":{"line":644,"column":2},"end":{"line":644,"column":21}},"72":{"start":{"line":647,"column":0},"end":{"line":669,"column":2}},"73":{"start":{"line":649,"column":2},"end":{"line":651,"column":3}},"74":{"start":{"line":650,"column":4},"end":{"line":650,"column":42}},"75":{"start":{"line":653,"column":2},"end":{"line":656,"column":3}},"76":{"start":{"line":655,"column":4},"end":{"line":655,"column":16}},"77":{"start":{"line":659,"column":2},"end":{"line":666,"column":3}},"78":{"start":{"line":660,"column":16},"end":{"line":661,"column":null}},"79":{"start":{"line":663,"column":4},"end":{"line":665,"column":5}},"80":{"start":{"line":664,"column":6},"end":{"line":664,"column":19}},"81":{"start":{"line":668,"column":2},"end":{"line":668,"column":14}},"82":{"start":{"line":672,"column":0},"end":{"line":681,"column":2}},"83":{"start":{"line":673,"column":2},"end":{"line":680,"column":71}},"84":{"start":{"line":683,"column":0},"end":{"line":693,"column":2}},"85":{"start":{"line":684,"column":2},"end":{"line":692,"column":60}},"86":{"start":{"line":695,"column":0},"end":{"line":703,"column":2}},"87":{"start":{"line":696,"column":21},"end":{"line":700,"column":4}},"88":{"start":{"line":702,"column":2},"end":{"line":702,"column":63}},"89":{"start":{"line":706,"column":0},"end":{"line":712,"column":2}},"90":{"start":{"line":715,"column":13},"end":{"line":715,"column":54}},"91":{"start":{"line":716,"column":9},"end":{"line":716,"column":13}}},"fnMap":{"0":{"name":"(anonymous_9)","decl":{"start":{"line":388,"column":15},"end":{"line":388,"column":18}},"loc":{"start":{"line":388,"column":22},"end":{"line":388,"column":24}}},"1":{"name":"(anonymous_10)","decl":{"start":{"line":415,"column":15},"end":{"line":415,"column":18}},"loc":{"start":{"line":415,"column":22},"end":{"line":415,"column":24}}},"2":{"name":"(anonymous_11)","decl":{"start":{"line":419,"column":15},"end":{"line":419,"column":18}},"loc":{"start":{"line":419,"column":22},"end":{"line":419,"column":24}}},"3":{"name":"(anonymous_12)","decl":{"start":{"line":425,"column":15},"end":{"line":425,"column":18}},"loc":{"start":{"line":425,"column":22},"end":{"line":425,"column":24}}},"4":{"name":"(anonymous_13)","decl":{"start":{"line":475,"column":15},"end":{"line":475,"column":18}},"loc":{"start":{"line":475,"column":22},"end":{"line":475,"column":24}}},"5":{"name":"(anonymous_14)","decl":{"start":{"line":481,"column":15},"end":{"line":481,"column":18}},"loc":{"start":{"line":481,"column":22},"end":{"line":481,"column":24}}},"6":{"name":"(anonymous_15)","decl":{"start":{"line":549,"column":37},"end":{"line":549,"column":null}},"loc":{"start":{"line":549,"column":37},"end":{"line":552,"column":1}}},"7":{"name":"(anonymous_16)","decl":{"start":{"line":561,"column":23},"end":{"line":561,"column":33}},"loc":{"start":{"line":561,"column":37},"end":{"line":574,"column":1}}},"8":{"name":"(anonymous_17)","decl":{"start":{"line":577,"column":33},"end":{"line":577,"column":null}},"loc":{"start":{"line":580,"column":15},"end":{"line":606,"column":1}}},"9":{"name":"(anonymous_18)","decl":{"start":{"line":583,"column":34},"end":{"line":583,"column":35}},"loc":{"start":{"line":583,"column":41},"end":{"line":583,"column":64}}},"10":{"name":"(anonymous_19)","decl":{"start":{"line":600,"column":4},"end":{"line":600,"column":5}},"loc":{"start":{"line":600,"column":16},"end":{"line":600,"column":29}}},"11":{"name":"(anonymous_20)","decl":{"start":{"line":608,"column":36},"end":{"line":608,"column":null}},"loc":{"start":{"line":610,"column":22},"end":{"line":635,"column":1}}},"12":{"name":"(anonymous_21)","decl":{"start":{"line":613,"column":34},"end":{"line":613,"column":35}},"loc":{"start":{"line":613,"column":41},"end":{"line":613,"column":64}}},"13":{"name":"(anonymous_22)","decl":{"start":{"line":623,"column":10},"end":{"line":623,"column":11}},"loc":{"start":{"line":623,"column":17},"end":{"line":623,"column":40}}},"14":{"name":"(anonymous_23)","decl":{"start":{"line":630,"column":4},"end":{"line":630,"column":5}},"loc":{"start":{"line":630,"column":16},"end":{"line":630,"column":29}}},"15":{"name":"(anonymous_24)","decl":{"start":{"line":637,"column":36},"end":{"line":637,"column":46}},"loc":{"start":{"line":637,"column":69},"end":{"line":645,"column":1}}},"16":{"name":"(anonymous_25)","decl":{"start":{"line":647,"column":37},"end":{"line":647,"column":47}},"loc":{"start":{"line":647,"column":56},"end":{"line":669,"column":1}}},"17":{"name":"(anonymous_26)","decl":{"start":{"line":672,"column":34},"end":{"line":672,"column":44}},"loc":{"start":{"line":672,"column":54},"end":{"line":681,"column":1}}},"18":{"name":"(anonymous_27)","decl":{"start":{"line":683,"column":35},"end":{"line":683,"column":45}},"loc":{"start":{"line":683,"column":72},"end":{"line":693,"column":1}}},"19":{"name":"(anonymous_28)","decl":{"start":{"line":695,"column":36},"end":{"line":695,"column":46}},"loc":{"start":{"line":695,"column":72},"end":{"line":703,"column":1}}}},"branchMap":{"0":{"loc":{"start":{"line":551,"column":9},"end":{"line":551,"column":67}},"type":"binary-expr","locations":[{"start":{"line":551,"column":9},"end":{"line":551,"column":60}},{"start":{"line":551,"column":64},"end":{"line":551,"column":67}}]},"1":{"loc":{"start":{"line":551,"column":9},"end":{"line":551,"column":60}},"type":"cond-expr","locations":[{"start":{"line":551,"column":53},"end":{"line":551,"column":55}},{"start":{"line":551,"column":53},"end":{"line":551,"column":60}}]},"2":{"loc":{"start":{"line":551,"column":9},"end":{"line":551,"column":55}},"type":"binary-expr","locations":[{"start":{"line":551,"column":9},"end":{"line":551,"column":55}},{"start":{"line":551,"column":53},"end":{"line":551,"column":55}}]},"3":{"loc":{"start":{"line":551,"column":9},"end":{"line":551,"column":53}},"type":"cond-expr","locations":[{"start":{"line":551,"column":35},"end":{"line":551,"column":37}},{"start":{"line":551,"column":35},"end":{"line":551,"column":53}}]},"4":{"loc":{"start":{"line":551,"column":9},"end":{"line":551,"column":37}},"type":"binary-expr","locations":[{"start":{"line":551,"column":9},"end":{"line":551,"column":37}},{"start":{"line":551,"column":35},"end":{"line":551,"column":37}}]},"5":{"loc":{"start":{"line":564,"column":2},"end":{"line":566,"column":3}},"type":"if","locations":[{"start":{"line":564,"column":2},"end":{"line":566,"column":3}},{"start":{},"end":{}}]},"6":{"loc":{"start":{"line":569,"column":2},"end":{"line":571,"column":3}},"type":"if","locations":[{"start":{"line":569,"column":2},"end":{"line":571,"column":3}},{"start":{},"end":{}}]},"7":{"loc":{"start":{"line":585,"column":2},"end":{"line":597,"column":3}},"type":"if","locations":[{"start":{"line":585,"column":2},"end":{"line":597,"column":3}},{"start":{"line":590,"column":9},"end":{"line":597,"column":3}}]},"8":{"loc":{"start":{"line":586,"column":4},"end":{"line":589,"column":5}},"type":"if","locations":[{"start":{"line":586,"column":4},"end":{"line":589,"column":5}},{"start":{},"end":{}}]},"9":{"loc":{"start":{"line":615,"column":2},"end":{"line":627,"column":3}},"type":"if","locations":[{"start":{"line":615,"column":2},"end":{"line":627,"column":3}},{"start":{},"end":{}}]},"10":{"loc":{"start":{"line":617,"column":4},"end":{"line":626,"column":5}},"type":"if","locations":[{"start":{"line":617,"column":4},"end":{"line":626,"column":5}},{"start":{},"end":{}}]},"11":{"loc":{"start":{"line":621,"column":6},"end":{"line":625,"column":7}},"type":"if","locations":[{"start":{"line":621,"column":6},"end":{"line":625,"column":7}},{"start":{},"end":{}}]},"12":{"loc":{"start":{"line":640,"column":2},"end":{"line":642,"column":3}},"type":"if","locations":[{"start":{"line":640,"column":2},"end":{"line":642,"column":3}},{"start":{},"end":{}}]},"13":{"loc":{"start":{"line":640,"column":6},"end":{"line":640,"column":59}},"type":"binary-expr","locations":[{"start":{"line":640,"column":6},"end":{"line":640,"column":12}},{"start":{"line":640,"column":16},"end":{"line":640,"column":59}}]},"14":{"loc":{"start":{"line":649,"column":2},"end":{"line":651,"column":3}},"type":"if","locations":[{"start":{"line":649,"column":2},"end":{"line":651,"column":3}},{"start":{},"end":{}}]},"15":{"loc":{"start":{"line":653,"column":2},"end":{"line":656,"column":3}},"type":"if","locations":[{"start":{"line":653,"column":2},"end":{"line":656,"column":3}},{"start":{},"end":{}}]},"16":{"loc":{"start":{"line":659,"column":2},"end":{"line":666,"column":3}},"type":"if","locations":[{"start":{"line":659,"column":2},"end":{"line":666,"column":3}},{"start":{},"end":{}}]},"17":{"loc":{"start":{"line":659,"column":6},"end":{"line":659,"column":51}},"type":"binary-expr","locations":[{"start":{"line":659,"column":6},"end":{"line":659,"column":31}},{"start":{"line":659,"column":35},"end":{"line":659,"column":51}}]},"18":{"loc":{"start":{"line":663,"column":4},"end":{"line":665,"column":5}},"type":"if","locations":[{"start":{"line":663,"column":4},"end":{"line":665,"column":5}},{"start":{},"end":{}}]},"19":{"loc":{"start":{"line":672,"column":44},"end":{"line":672,"column":54}},"type":"default-arg","locations":[{"start":{"line":672,"column":52},"end":{"line":672,"column":54}}]},"20":{"loc":{"start":{"line":683,"column":62},"end":{"line":683,"column":72}},"type":"default-arg","locations":[{"start":{"line":683,"column":70},"end":{"line":683,"column":72}}]},"21":{"loc":{"start":{"line":695,"column":62},"end":{"line":695,"column":72}},"type":"default-arg","locations":[{"start":{"line":695,"column":70},"end":{"line":695,"column":72}}]}},"s":{"0":1,"1":1,"2":1,"3":1,"4":1,"5":1,"6":1,"7":1,"8":1,"9":1,"10":1,"11":1,"12":1,"13":1,"14":1,"15":0,"16":0,"17":0,"18":0,"19":0,"20":0,"21":1,"22":1,"23":1,"24":1,"25":1,"26":1,"27":1,"28":1,"29":1,"30":1,"31":0,"32":1,"33":1,"34":0,"35":0,"36":0,"37":0,"38":0,"39":1,"40":0,"41":0,"42":0,"43":0,"44":0,"45":0,"46":0,"47":0,"48":0,"49":0,"50":0,"51":0,"52":1,"53":0,"54":0,"55":0,"56":0,"57":0,"58":0,"59":0,"60":0,"61":0,"62":0,"63":0,"64":0,"65":0,"66":0,"67":1,"68":0,"69":0,"70":0,"71":0,"72":1,"73":0,"74":0,"75":0,"76":0,"77":0,"78":0,"79":0,"80":0,"81":0,"82":1,"83":0,"84":1,"85":0,"86":1,"87":0,"88":0,"89":1,"90":1,"91":1},"f":{"0":0,"1":0,"2":0,"3":0,"4":0,"5":0,"6":0,"7":0,"8":0,"9":0,"10":0,"11":0,"12":0,"13":0,"14":0,"15":0,"16":0,"17":0,"18":0,"19":0},"b":{"0":[0,0],"1":[0,0],"2":[0,0],"3":[0,0],"4":[0,0],"5":[0,0],"6":[0,0],"7":[0,0],"8":[0,0],"9":[0,0],"10":[0,0],"11":[0,0],"12":[0,0],"13":[0,0],"14":[0,0],"15":[0,0],"16":[0,0],"17":[0,0],"18":[0,0],"19":[0],"20":[0],"21":[0]}}
,"C:\\Users\\Akaza\\Documents\\Works\\casarancha-backend\\src\\services\\post_validation_service.ts": {"path":"C:\\Users\\Akaza\\Documents\\Works\\casarancha-backend\\src\\services\\post_validation_service.ts","statementMap":{"0":{"start":{"line":3,"column":0},"end":{"line":3,"column":40}},"1":{"start":{"line":4,"column":0},"end":{"line":4,"column":42}},"2":{"start":{"line":5,"column":0},"end":{"line":5,"column":44}},"3":{"start":{"line":6,"column":0},"end":{"line":6,"column":78}},"4":{"start":{"line":14,"column":43},"end":{"line":14,"column":51}},"5":{"start":{"line":16,"column":4},"end":{"line":18,"column":5}},"6":{"start":{"line":17,"column":6},"end":{"line":17,"column":77}},"7":{"start":{"line":22,"column":17},"end":{"line":23,"column":null}},"8":{"start":{"line":26,"column":4},"end":{"line":28,"column":5}},"9":{"start":{"line":27,"column":6},"end":{"line":27,"column":40}},"10":{"start":{"line":29,"column":4},"end":{"line":29,"column":16}},"11":{"start":{"line":33,"column":4},"end":{"line":38,"column":5}},"12":{"start":{"line":34,"column":29},"end":{"line":34,"column":64}},"13":{"start":{"line":35,"column":6},"end":{"line":37,"column":7}},"14":{"start":{"line":36,"column":8},"end":{"line":36,"column":81}},"15":{"start":{"line":42,"column":4},"end":{"line":51,"column":5}},"16":{"start":{"line":43,"column":20},"end":{"line":43,"column":49}},"17":{"start":{"line":44,"column":6},"end":{"line":46,"column":7}},"18":{"start":{"line":45,"column":8},"end":{"line":45,"column":43}},"19":{"start":{"line":48,"column":6},"end":{"line":50,"column":7}},"20":{"start":{"line":48,"column":56},"end":{"line":48,"column":91}},"21":{"start":{"line":49,"column":8},"end":{"line":49,"column":62}},"22":{"start":{"line":55,"column":4},"end":{"line":65,"column":5}},"23":{"start":{"line":56,"column":27},"end":{"line":56,"column":62}},"24":{"start":{"line":57,"column":6},"end":{"line":59,"column":7}},"25":{"start":{"line":58,"column":8},"end":{"line":58,"column":51}},"26":{"start":{"line":61,"column":6},"end":{"line":63,"column":7}},"27":{"start":{"line":62,"column":8},"end":{"line":62,"column":56}},"28":{"start":{"line":64,"column":6},"end":{"line":64,"column":26}},"29":{"start":{"line":66,"column":4},"end":{"line":66,"column":16}},"30":{"start":{"line":11,"column":0},"end":{"line":11,"column":13}}},"fnMap":{"0":{"name":"(anonymous_8)","decl":{"start":{"line":13,"column":2},"end":{"line":13,"column":8}},"loc":{"start":{"line":13,"column":69},"end":{"line":19,"column":null}}},"1":{"name":"(anonymous_10)","decl":{"start":{"line":21,"column":2},"end":{"line":21,"column":8}},"loc":{"start":{"line":21,"column":42},"end":{"line":30,"column":null}}},"2":{"name":"(anonymous_12)","decl":{"start":{"line":32,"column":2},"end":{"line":32,"column":8}},"loc":{"start":{"line":32,"column":89},"end":{"line":39,"column":null}}},"3":{"name":"(anonymous_14)","decl":{"start":{"line":41,"column":2},"end":{"line":41,"column":8}},"loc":{"start":{"line":41,"column":95},"end":{"line":52,"column":null}}},"4":{"name":"(anonymous_16)","decl":{"start":{"line":48,"column":30},"end":{"line":48,"column":31}},"loc":{"start":{"line":48,"column":56},"end":{"line":48,"column":91}}},"5":{"name":"(anonymous_17)","decl":{"start":{"line":54,"column":2},"end":{"line":54,"column":8}},"loc":{"start":{"line":54,"column":70},"end":{"line":67,"column":null}}}},"branchMap":{"0":{"loc":{"start":{"line":16,"column":4},"end":{"line":18,"column":5}},"type":"if","locations":[{"start":{"line":16,"column":4},"end":{"line":18,"column":5}},{"start":{},"end":{}}]},"1":{"loc":{"start":{"line":16,"column":8},"end":{"line":16,"column":63}},"type":"binary-expr","locations":[{"start":{"line":16,"column":8},"end":{"line":16,"column":13}},{"start":{"line":16,"column":17},"end":{"line":16,"column":39}},{"start":{"line":16,"column":39},"end":{"line":16,"column":44}},{"start":{"line":16,"column":48},"end":{"line":16,"column":63}}]},"2":{"loc":{"start":{"line":16,"column":18},"end":{"line":16,"column":35}},"type":"cond-expr","locations":[{"start":{"line":16,"column":27},"end":{"line":16,"column":29}},{"start":{"line":16,"column":27},"end":{"line":16,"column":35}}]},"3":{"loc":{"start":{"line":16,"column":18},"end":{"line":16,"column":29}},"type":"binary-expr","locations":[{"start":{"line":16,"column":18},"end":{"line":16,"column":29}},{"start":{"line":16,"column":27},"end":{"line":16,"column":29}}]},"4":{"loc":{"start":{"line":26,"column":4},"end":{"line":28,"column":5}},"type":"if","locations":[{"start":{"line":26,"column":4},"end":{"line":28,"column":5}},{"start":{},"end":{}}]},"5":{"loc":{"start":{"line":33,"column":4},"end":{"line":38,"column":5}},"type":"if","locations":[{"start":{"line":33,"column":4},"end":{"line":38,"column":5}},{"start":{},"end":{}}]},"6":{"loc":{"start":{"line":33,"column":8},"end":{"line":33,"column":49}},"type":"binary-expr","locations":[{"start":{"line":33,"column":8},"end":{"line":33,"column":28}},{"start":{"line":33,"column":32},"end":{"line":33,"column":49}}]},"7":{"loc":{"start":{"line":33,"column":32},"end":{"line":33,"column":45}},"type":"cond-expr","locations":[{"start":{"line":33,"column":37},"end":{"line":33,"column":39}},{"start":{"line":33,"column":32},"end":{"line":33,"column":45}}]},"8":{"loc":{"start":{"line":33,"column":32},"end":{"line":33,"column":39}},"type":"binary-expr","locations":[{"start":{"line":33,"column":32},"end":{"line":33,"column":39}},{"start":{"line":33,"column":32},"end":{"line":33,"column":39}}]},"9":{"loc":{"start":{"line":35,"column":6},"end":{"line":37,"column":7}},"type":"if","locations":[{"start":{"line":35,"column":6},"end":{"line":37,"column":7}},{"start":{},"end":{}}]},"10":{"loc":{"start":{"line":42,"column":4},"end":{"line":51,"column":5}},"type":"if","locations":[{"start":{"line":42,"column":4},"end":{"line":51,"column":5}},{"start":{},"end":{}}]},"11":{"loc":{"start":{"line":42,"column":8},"end":{"line":42,"column":45}},"type":"binary-expr","locations":[{"start":{"line":42,"column":8},"end":{"line":42,"column":34}},{"start":{"line":42,"column":38},"end":{"line":42,"column":45}}]},"12":{"loc":{"start":{"line":44,"column":6},"end":{"line":46,"column":7}},"type":"if","locations":[{"start":{"line":44,"column":6},"end":{"line":46,"column":7}},{"start":{},"end":{}}]},"13":{"loc":{"start":{"line":48,"column":6},"end":{"line":50,"column":7}},"type":"if","locations":[{"start":{"line":48,"column":6},"end":{"line":50,"column":7}},{"start":{},"end":{}}]},"14":{"loc":{"start":{"line":55,"column":4},"end":{"line":65,"column":5}},"type":"if","locations":[{"start":{"line":55,"column":4},"end":{"line":65,"column":5}},{"start":{},"end":{}}]},"15":{"loc":{"start":{"line":55,"column":8},"end":{"line":55,"column":47}},"type":"binary-expr","locations":[{"start":{"line":55,"column":8},"end":{"line":55,"column":29}},{"start":{"line":55,"column":33},"end":{"line":55,"column":47}}]},"16":{"loc":{"start":{"line":57,"column":6},"end":{"line":59,"column":7}},"type":"if","locations":[{"start":{"line":57,"column":6},"end":{"line":59,"column":7}},{"start":{},"end":{}}]},"17":{"loc":{"start":{"line":61,"column":6},"end":{"line":63,"column":7}},"type":"if","locations":[{"start":{"line":61,"column":6},"end":{"line":63,"column":7}},{"start":{},"end":{}}]}},"s":{"0":1,"1":1,"2":1,"3":1,"4":5,"5":5,"6":1,"7":3,"8":2,"9":1,"10":1,"11":0,"12":0,"13":0,"14":0,"15":0,"16":0,"17":0,"18":0,"19":0,"20":0,"21":0,"22":0,"23":0,"24":0,"25":0,"26":0,"27":0,"28":0,"29":0,"30":1},"f":{"0":5,"1":3,"2":0,"3":0,"4":0,"5":0},"b":{"0":[1,4],"1":[5,4,3,2],"2":[0,4],"3":[4,4],"4":[1,1],"5":[0,0],"6":[0,0],"7":[0,0],"8":[0,0],"9":[0,0],"10":[0,0],"11":[0,0],"12":[0,0],"13":[0,0],"14":[0,0],"15":[0,0],"16":[0,0],"17":[0,0]}}
,"C:\\Users\\Akaza\\Documents\\Works\\casarancha-backend\\src\\utils\\grant_post_media_permission.ts": {"path":"C:\\Users\\Akaza\\Documents\\Works\\casarancha-backend\\src\\utils\\grant_post_media_permission.ts","statementMap":{"0":{"start":{"line":5,"column":38},"end":{"line":27,"column":1}},"1":{"start":{"line":6,"column":23},"end":{"line":6,"column":55}},"2":{"start":{"line":8,"column":2},"end":{"line":24,"column":3}},"3":{"start":{"line":9,"column":21},"end":{"line":9,"column":34}},"4":{"start":{"line":11,"column":4},"end":{"line":23,"column":5}},"5":{"start":{"line":12,"column":6},"end":{"line":14,"column":7}},"6":{"start":{"line":13,"column":8},"end":{"line":13,"column":21}},"7":{"start":{"line":15,"column":11},"end":{"line":23,"column":5}},"8":{"start":{"line":16,"column":6},"end":{"line":18,"column":7}},"9":{"start":{"line":17,"column":8},"end":{"line":17,"column":21}},"10":{"start":{"line":19,"column":11},"end":{"line":23,"column":5}},"11":{"start":{"line":20,"column":6},"end":{"line":22,"column":7}},"12":{"start":{"line":21,"column":8},"end":{"line":21,"column":21}},"13":{"start":{"line":26,"column":2},"end":{"line":26,"column":14}},"14":{"start":{"line":5,"column":13},"end":{"line":5,"column":38}}},"fnMap":{"0":{"name":"(anonymous_0)","decl":{"start":{"line":5,"column":38},"end":{"line":5,"column":39}},"loc":{"start":{"line":5,"column":84},"end":{"line":27,"column":1}}}},"branchMap":{"0":{"loc":{"start":{"line":11,"column":4},"end":{"line":23,"column":5}},"type":"if","locations":[{"start":{"line":11,"column":4},"end":{"line":23,"column":5}},{"start":{"line":15,"column":11},"end":{"line":23,"column":5}}]},"1":{"loc":{"start":{"line":12,"column":6},"end":{"line":14,"column":7}},"type":"if","locations":[{"start":{"line":12,"column":6},"end":{"line":14,"column":7}},{"start":{},"end":{}}]},"2":{"loc":{"start":{"line":15,"column":11},"end":{"line":23,"column":5}},"type":"if","locations":[{"start":{"line":15,"column":11},"end":{"line":23,"column":5}},{"start":{"line":19,"column":11},"end":{"line":23,"column":5}}]},"3":{"loc":{"start":{"line":16,"column":6},"end":{"line":18,"column":7}},"type":"if","locations":[{"start":{"line":16,"column":6},"end":{"line":18,"column":7}},{"start":{},"end":{}}]},"4":{"loc":{"start":{"line":19,"column":11},"end":{"line":23,"column":5}},"type":"if","locations":[{"start":{"line":19,"column":11},"end":{"line":23,"column":5}},{"start":{},"end":{}}]},"5":{"loc":{"start":{"line":20,"column":6},"end":{"line":22,"column":7}},"type":"if","locations":[{"start":{"line":20,"column":6},"end":{"line":22,"column":7}},{"start":{},"end":{}}]}},"s":{"0":1,"1":0,"2":0,"3":0,"4":0,"5":0,"6":0,"7":0,"8":0,"9":0,"10":0,"11":0,"12":0,"13":0,"14":1},"f":{"0":0},"b":{"0":[0,0],"1":[0,0],"2":[0,0],"3":[0,0],"4":[0,0],"5":[0,0]}}
}
