TN:
SF:src\models\group_model.ts
FNF:0
FNH:0
DA:3,1
DA:14,1
DA:32,1
DA:78,1
LF:4
LH:4
BRF:0
BRH:0
end_of_record
TN:
SF:src\models\post_model.ts
FN:388,(anonymous_9)
FN:415,(anonymous_10)
FN:419,(anonymous_11)
FN:425,(anonymous_12)
FN:475,(anonymous_13)
FN:481,(anonymous_14)
FN:549,(anonymous_15)
FN:561,(anonymous_16)
FN:577,(anonymous_17)
FN:583,(anonymous_18)
FN:600,(anonymous_19)
FN:608,(anonymous_20)
FN:613,(anonymous_21)
FN:623,(anonymous_22)
FN:630,(anonymous_23)
FN:637,(anonymous_24)
FN:647,(anonymous_25)
FN:672,(anonymous_26)
FN:683,(anonymous_27)
FN:695,(anonymous_28)
FNF:20
FNH:0
FNDA:0,(anonymous_9)
FNDA:0,(anonymous_10)
FNDA:0,(anonymous_11)
FNDA:0,(anonymous_12)
FNDA:0,(anonymous_13)
FNDA:0,(anonymous_14)
FNDA:0,(anonymous_15)
FNDA:0,(anonymous_16)
FNDA:0,(anonymous_17)
FNDA:0,(anonymous_18)
FNDA:0,(anonymous_19)
FNDA:0,(anonymous_20)
FNDA:0,(anonymous_21)
FNDA:0,(anonymous_22)
FNDA:0,(anonymous_23)
FNDA:0,(anonymous_24)
FNDA:0,(anonymous_25)
FNDA:0,(anonymous_26)
FNDA:0,(anonymous_27)
FNDA:0,(anonymous_28)
DA:1,1
DA:21,1
DA:54,1
DA:77,1
DA:102,1
DA:127,1
DA:148,1
DA:173,1
DA:229,1
DA:270,1
DA:283,1
DA:298,1
DA:328,1
DA:361,1
DA:388,0
DA:415,0
DA:419,0
DA:425,0
DA:475,0
DA:481,0
DA:537,1
DA:538,1
DA:539,1
DA:540,1
DA:541,1
DA:542,1
DA:543,1
DA:544,1
DA:546,1
DA:549,1
DA:551,0
DA:554,1
DA:561,1
DA:564,0
DA:565,0
DA:569,0
DA:570,0
DA:573,0
DA:577,1
DA:582,0
DA:583,0
DA:585,0
DA:586,0
DA:587,0
DA:588,0
DA:591,0
DA:599,0
DA:600,0
DA:603,0
DA:605,0
DA:608,1
DA:612,0
DA:613,0
DA:615,0
DA:616,0
DA:617,0
DA:618,0
DA:619,0
DA:621,0
DA:622,0
DA:623,0
DA:629,0
DA:630,0
DA:634,0
DA:637,1
DA:638,0
DA:640,0
DA:641,0
DA:644,0
DA:647,1
DA:649,0
DA:650,0
DA:653,0
DA:655,0
DA:659,0
DA:660,0
DA:663,0
DA:664,0
DA:668,0
DA:672,1
DA:673,0
DA:683,1
DA:684,0
DA:695,1
DA:696,0
DA:702,0
DA:706,1
DA:715,1
DA:716,1
LF:89
LH:36
BRDA:551,0,0,0
BRDA:551,0,1,0
BRDA:551,1,0,0
BRDA:551,1,1,0
BRDA:551,2,0,0
BRDA:551,2,1,0
BRDA:551,3,0,0
BRDA:551,3,1,0
BRDA:551,4,0,0
BRDA:551,4,1,0
BRDA:564,5,0,0
BRDA:564,5,1,0
BRDA:569,6,0,0
BRDA:569,6,1,0
BRDA:585,7,0,0
BRDA:585,7,1,0
BRDA:586,8,0,0
BRDA:586,8,1,0
BRDA:615,9,0,0
BRDA:615,9,1,0
BRDA:617,10,0,0
BRDA:617,10,1,0
BRDA:621,11,0,0
BRDA:621,11,1,0
BRDA:640,12,0,0
BRDA:640,12,1,0
BRDA:640,13,0,0
BRDA:640,13,1,0
BRDA:649,14,0,0
BRDA:649,14,1,0
BRDA:653,15,0,0
BRDA:653,15,1,0
BRDA:659,16,0,0
BRDA:659,16,1,0
BRDA:659,17,0,0
BRDA:659,17,1,0
BRDA:663,18,0,0
BRDA:663,18,1,0
BRDA:672,19,0,0
BRDA:683,20,0,0
BRDA:695,21,0,0
BRF:41
BRH:0
end_of_record
TN:
SF:src\services\post_validation_service.ts
FN:13,(anonymous_8)
FN:21,(anonymous_10)
FN:32,(anonymous_12)
FN:41,(anonymous_14)
FN:48,(anonymous_16)
FN:54,(anonymous_17)
FNF:6
FNH:2
FNDA:5,(anonymous_8)
FNDA:3,(anonymous_10)
FNDA:0,(anonymous_12)
FNDA:0,(anonymous_14)
FNDA:0,(anonymous_16)
FNDA:0,(anonymous_17)
DA:3,1
DA:4,1
DA:5,1
DA:6,1
DA:11,1
DA:14,5
DA:16,5
DA:17,1
DA:22,3
DA:26,2
DA:27,1
DA:29,1
DA:33,0
DA:34,0
DA:35,0
DA:36,0
DA:42,0
DA:43,0
DA:44,0
DA:45,0
DA:48,0
DA:49,0
DA:55,0
DA:56,0
DA:57,0
DA:58,0
DA:61,0
DA:62,0
DA:64,0
DA:66,0
LF:30
LH:12
BRDA:16,0,0,1
BRDA:16,0,1,4
BRDA:16,1,0,5
BRDA:16,1,1,4
BRDA:16,1,2,3
BRDA:16,1,3,2
BRDA:16,2,0,0
BRDA:16,2,1,4
BRDA:16,3,0,4
BRDA:16,3,1,4
BRDA:26,4,0,1
BRDA:26,4,1,1
BRDA:33,5,0,0
BRDA:33,5,1,0
BRDA:33,6,0,0
BRDA:33,6,1,0
BRDA:33,7,0,0
BRDA:33,7,1,0
BRDA:33,8,0,0
BRDA:33,8,1,0
BRDA:35,9,0,0
BRDA:35,9,1,0
BRDA:42,10,0,0
BRDA:42,10,1,0
BRDA:42,11,0,0
BRDA:42,11,1,0
BRDA:44,12,0,0
BRDA:44,12,1,0
BRDA:48,13,0,0
BRDA:48,13,1,0
BRDA:55,14,0,0
BRDA:55,14,1,0
BRDA:55,15,0,0
BRDA:55,15,1,0
BRDA:57,16,0,0
BRDA:57,16,1,0
BRDA:61,17,0,0
BRDA:61,17,1,0
BRF:38
BRH:11
end_of_record
TN:
SF:src\utils\grant_post_media_permission.ts
FN:5,(anonymous_0)
FNF:1
FNH:0
FNDA:0,(anonymous_0)
DA:5,1
DA:6,0
DA:8,0
DA:9,0
DA:11,0
DA:12,0
DA:13,0
DA:15,0
DA:16,0
DA:17,0
DA:19,0
DA:20,0
DA:21,0
DA:26,0
LF:14
LH:1
BRDA:11,0,0,0
BRDA:11,0,1,0
BRDA:12,1,0,0
BRDA:12,1,1,0
BRDA:15,2,0,0
BRDA:15,2,1,0
BRDA:16,3,0,0
BRDA:16,3,1,0
BRDA:19,4,0,0
BRDA:19,4,1,0
BRDA:20,5,0,0
BRDA:20,5,1,0
BRF:12
BRH:0
end_of_record
